[2788:1772:2020-12-11 10:14:41.375] Main Start
[2788:1772:2020-12-11 10:14:41.375] Command line:"C:\Users\M1.21\Downloads\Zoom_cm_ds_mfChXFgqgkX3Z3W-H8PvScflglr7gYQKj9JqA@qRQ1JypSPEIIGem6_kc5416b09176a2016_.exe"  Instance:0x70000 Show State:1
[2788:1772:2020-12-11 10:14:41.400] C:\
[2788:2160:2020-12-11 10:14:41.401] [process_requst] start, url:https://zoom.us/conf/launch
[2788:2160:2020-12-11 10:14:42.758] [req_state_read_status_code] zHttpQueryInfo complete, status:200
[2788:2160:2020-12-11 10:14:42.758] [req_state_read_status_code] zHttpQueryInfo complete, status:200 Error: 0
[2788:2160:2020-12-11 10:14:42.758] [log_response_content] Content length (1048576 as unknown):1167 , Total read: 1167 , Error No: 0 , Status code: 200
[2788:2160:2020-12-11 10:14:42.758] [log_response_content] header:
[2788:2160:2020-12-11 10:14:42.759] HTTP/1.1 200 
Date: Fri, 11 Dec 2020 03:14:42 GMT
Content-Type: text/plain;charset=utf-8
Content-Length: 1167
Connection: keep-alive
Server: ZOOM
x-zm-trackingid: WEB_149a8196be3304cf668846c9da7e342b
X-Content-Type-Options: nosniff
Content-Security-Policy: upgrade-insecure-requests; default-src https://*.zoom.us https://zoom.us https://d17o6on0vd932d.cloudfront.net blob: 'self'; script-src 'unsafe-eval' 'unsafe-inline' blob: about: https://ruanshi2.8686c.com https://ajax.aspnetcdn.com/ajax/3.5/MicrosoftAjax.js https://appsforoffice.microsoft.com https://assets.zendesk.com https://autocomplete.demandbase.com https://cdn.wootric.com https://cdncache-a.akamaihd.net https://connect.facebook.net https://consent.trustarc.com https://d.adroll.mgr.consensu.org https://d2b9h3rz4xo53c.cloudfront.net https://d24cgw3uvb9a9h.cloudfront.net https://googleads.g.doubleclick.net https://pi.pardot.com https://s.dcbap.com https://s.ytimg.com https://s3.amazonaws.com https://scout-cdn.salesloft.com https://sealserver.trustwave.com https://secure-cdn.mplxtms.com https://serve2.cheqzone.com https://snap.licdn.com https://sp.analytics.yahoo.com https://static.zdassets.com https://static2.sharepointonline.com https://tag.demandbase.com https://tpc.googlesyndication.com https://tracking.g2crowd.com https://trk.techtarget.com https://www.comeet.co https://www.dropbox.com https://www.google-analytics.com https://static.zoom.com.cn https://www.googleadservices.com/pagead/conversion_async.js https://www.googletagmanager.com/gtm.js https://www.googletagmanager.com/* https://optimize.google.com https://tagmanager.google.com https://www.gstatic.com/recaptcha/releases/ https://www.gstatic.cn/recaptcha/releases/ https://google.com https://docs.google.com https://cse.google.com https://maps.google.com https://www.google.com https://www.recaptcha.net https://linkedin.com https://platform.linkedin.com https://px.ads.linkedin.com https://ads.linkedin.com https://www.youtube.com https://d17o6on0vd932d.cloudfront.net https://www.gstatic.com https://www.gstatic.cn https://fonts.googleapis.com https://hcaptcha.com https://assets.hcaptcha.com https://*.ada.support https://*.adroll.com https://*.hotjar.com https://*.zoom.us https://*.zoomcloudpbx.com https://*.zoomus.cn https://*.zopim.com https://adroll.com https://zoom.us https://apis.google.com https://gstatic.zoom.com.cn 'self'; img-src https: about: blob: data: 'self'; style-src https: safari-extension: chrome-extension: 'unsafe-inline' data: 'self'; font-src https: safari-extension: chrome-extension: blob: data: 'self'; connect-src * about: blob: data: 'self'; media-src * rtmp: blob: data: 'self'; frame-src https: ms-appx-web: zoommtg: zoomus: wvjbscheme: data: 'self'; object-src 'none'; base-uri 'none';
X-FRAME-OPTIONS: SAMEORIGIN
Set-Cookie: zm_aid=""; Domain=.zoom.us; Expires=Thu, 01-Jan-1970 00:00:10 GMT; Path=/; Secure; HttpOnly
Set-Cookie: zm_haid=""; Domain=.zoom.us; Expires=Thu, 01-Jan-1970 00:00:10 GMT; Path=/; Secure; HttpOnly
Set-Cookie: cred=6FE71C3B719F03B67853BDF41D0FF3F6; Path=/; Secure; HttpOnly
Set-Cookie: _zm_page_auth=aw1_c_dyQCv52bQlSeCS44euJ2dQ; Domain=.zoom.us; Path=/; Secure; HttpOnly
p3p: CP="NOI ADM DEV PSAi COM NAV OUR OTR STP IND DEM"
Set-Cookie: _zm_ssid=aw1_c_-zhAGmXYSf-Rf2yBBCl2rQ; Domain=.zoom.us; Path=/; Secure; HttpOnly
Set-Cookie: _zm_ctaid=4oVtnkqZSeyMkybiJTzlMA.1607656482478.0bf55a39867951666265a1dbcf99a48b; Domain=.zoom.us; Expires=Fri, 11-Dec-2020 05:14:42 GMT; Path=/; Secure; HttpOnly
Set-Cookie: _zm_chtaid=866; Domain=.zoom.us; Expires=Fri, 11-Dec-2020 05:14:42 GMT; Path=/; Secure; HttpOnly
Strict-Transport-Security: max-age=31536000; includeSubDomains
X-XSS-Protection: 1; mode=block
Referrer-Policy: strict-origin-when-cross-origin


[2788:2160:2020-12-11 10:14:42.759] [process_requst] End for url:https://zoom.us/conf/launch, return code:200, Error:0, Response content size:1167
[2788:1772:2020-12-11 10:14:42.807] [client_has_installed_app] found path:
[2788:1772:2020-12-11 10:14:42.807]  ***NULL-POINTER-PLACEHOLDER***
[2788:1772:2020-12-11 10:14:42.807] [param_query_local_path] path is: C:\Users\M1.21\AppData\Roaming\Zoom\ZoomDownload\ dir create response : 1 system error: 1008
[2788:1772:2020-12-11 10:14:42.807] [downloader_run] State:0
[2788:1764:2020-12-11 10:14:42.807] [process_requst] start, url:https://zoom.us/client/latest/Installer.exe
[2788:1772:2020-12-11 10:14:42.807] [client_has_installed_app] found path:
[2788:1772:2020-12-11 10:14:42.807]  ***NULL-POINTER-PLACEHOLDER***
[2788:1764:2020-12-11 10:14:44.352] [req_state_read_status_code] zHttpQueryInfo complete, status:200
[2788:1764:2020-12-11 10:14:44.352] [req_state_read_status_code] zHttpQueryInfo complete, status:200 Error: 0
[2788:1764:2020-12-11 10:14:44.514] [read_response_file] Status Code:200, content length: 739160, total read: 739160, error code: 0
[2788:1764:2020-12-11 10:14:45.90] [process_requst] End for url:https://zoom.us/client/latest/Installer.exe, return code:200, Error:0, Response content size:0
[2788:1772:2020-12-11 10:14:45.145] [handle_download_job_done] Index: 1 Curr index: 1 StatusCode: 200 Error: 0 Response is Empty. 
[2788:1764:2020-12-11 10:14:45.206] [process_requst] start, url:https://zoom.us/client/latest/Zoom.msi
[2788:1764:2020-12-11 10:14:46.61] [req_state_read_status_code] zHttpQueryInfo complete, status:200
[2788:1764:2020-12-11 10:14:46.61] [req_state_read_status_code] zHttpQueryInfo complete, status:200 Error: 0
[2788:1764:2020-12-11 10:15:15.766] [read_response_file] Status Code:200, content length: 14147767, total read: 3260416, error code: 1007
[2788:1764:2020-12-11 10:15:15.850] [process_requst] End for url:https://zoom.us/client/latest/Zoom.msi, return code:200, Error:1007, Response content size:0
[2788:1772:2020-12-11 10:15:15.896] [handle_download_job_done] Index: 2 Curr index: 2 StatusCode: 200 Error: 1007 Response is Empty. 
[2788:1772:2020-12-11 10:15:21.245] Main End
